app/build/intermediates/manifest_merge_blame_file/release/manifest-merger-blame-release-report.txt
1<?xml version="1.0" encoding="utf-8"?>
2<manifest xmlns:android="http://schemas.android.com/apk/res/android"
3    package="com.example.foodapp"
4    android:versionCode="1"
5    android:versionName="1.0" >
6
7    <uses-sdk
8        android:minSdkVersion="23"
8-->src\main\AndroidManifest.xml
9        android:targetSdkVersion="32" />
9-->src\main\AndroidManifest.xml
10
11    <uses-permission android:name="android.permission.INTERNET" />
11-->src\main\AndroidManifest.xml:5:5-67
11-->src\main\AndroidManifest.xml:5:22-64
12    <uses-permission android:name="android.permission.ACCESS_NETWORK_STATE" />
12-->[com.google.firebase:firebase-auth:21.0.3] AndroidManifest.xml:24:5-79
12-->[com.google.firebase:firebase-auth:21.0.3] AndroidManifest.xml:24:22-76
13    <uses-permission android:name="android.permission.WAKE_LOCK" />
13-->[com.google.android.gms:play-services-measurement-api:20.1.2] AndroidManifest.xml:24:5-68
13-->[com.google.android.gms:play-services-measurement-api:20.1.2] AndroidManifest.xml:24:22-65
14    <uses-permission android:name="com.google.android.gms.permission.AD_ID" />
14-->[com.google.android.gms:play-services-measurement-api:20.1.2] AndroidManifest.xml:25:5-79
14-->[com.google.android.gms:play-services-measurement-api:20.1.2] AndroidManifest.xml:25:22-76
15    <uses-permission android:name="com.google.android.finsky.permission.BIND_GET_INSTALL_REFERRER_SERVICE" />
15-->[com.google.android.gms:play-services-measurement:20.1.2] AndroidManifest.xml:26:5-110
15-->[com.google.android.gms:play-services-measurement:20.1.2] AndroidManifest.xml:26:22-107
16
17    <application
17-->src\main\AndroidManifest.xml:7:5-36:19
18        android:allowBackup="true"
18-->src\main\AndroidManifest.xml:8:9-35
19        android:appComponentFactory="androidx.core.app.CoreComponentFactory"
19-->[androidx.core:core:1.7.0] AndroidManifest.xml:24:18-86
20        android:extractNativeLibs="false"
21        android:icon="@mipmap/ic_launcher"
21-->src\main\AndroidManifest.xml:9:9-43
22        android:label="@string/app_name"
22-->src\main\AndroidManifest.xml:10:9-41
23        android:roundIcon="@mipmap/ic_launcher_round"
23-->src\main\AndroidManifest.xml:11:9-54
24        android:supportsRtl="true"
24-->src\main\AndroidManifest.xml:12:9-35
25        android:theme="@style/Theme.FoodApp" >
25-->src\main\AndroidManifest.xml:13:9-45
26        <activity
26-->src\main\AndroidManifest.xml:14:9-16:40
27            android:name="com.example.foodapp.SignInActivity"
27-->src\main\AndroidManifest.xml:15:13-43
28            android:exported="false" />
28-->src\main\AndroidManifest.xml:16:13-37
29        <activity
29-->src\main\AndroidManifest.xml:17:9-20:40
30            android:name="com.example.foodapp.SignUpActivity"
30-->src\main\AndroidManifest.xml:18:13-43
31            android:exported="false"
31-->src\main\AndroidManifest.xml:20:13-37
32            android:parentActivityName="com.example.foodapp.SignInActivity" />
32-->src\main\AndroidManifest.xml:19:13-57
33        <activity
33-->src\main\AndroidManifest.xml:21:9-23:40
34            android:name="com.example.foodapp.MainActivity"
34-->src\main\AndroidManifest.xml:22:13-41
35            android:exported="false" />
35-->src\main\AndroidManifest.xml:23:13-37
36        <activity
36-->src\main\AndroidManifest.xml:24:9-26:40
37            android:name="com.example.foodapp.RecipeDetailsActivity"
37-->src\main\AndroidManifest.xml:25:13-50
38            android:exported="false" />
38-->src\main\AndroidManifest.xml:26:13-37
39        <activity
39-->src\main\AndroidManifest.xml:27:9-35:20
40            android:name="com.example.foodapp.RecommendActivity"
40-->src\main\AndroidManifest.xml:28:13-46
41            android:exported="true" >
41-->src\main\AndroidManifest.xml:29:13-36
42            <intent-filter>
42-->src\main\AndroidManifest.xml:30:13-34:29
43                <action android:name="android.intent.action.MAIN" />
43-->src\main\AndroidManifest.xml:31:17-69
43-->src\main\AndroidManifest.xml:31:25-66
44
45                <category android:name="android.intent.category.LAUNCHER" />
45-->src\main\AndroidManifest.xml:33:17-77
45-->src\main\AndroidManifest.xml:33:27-74
46            </intent-filter>
47        </activity>
48        <activity
48-->[com.google.firebase:firebase-auth:21.0.3] AndroidManifest.xml:27:9-44:20
49            android:name="com.google.firebase.auth.internal.GenericIdpActivity"
49-->[com.google.firebase:firebase-auth:21.0.3] AndroidManifest.xml:28:13-80
50            android:excludeFromRecents="true"
50-->[com.google.firebase:firebase-auth:21.0.3] AndroidManifest.xml:29:13-46
51            android:exported="true"
51-->[com.google.firebase:firebase-auth:21.0.3] AndroidManifest.xml:30:13-36
52            android:launchMode="singleTask"
52-->[com.google.firebase:firebase-auth:21.0.3] AndroidManifest.xml:31:13-44
53            android:theme="@android:style/Theme.Translucent.NoTitleBar" >
53-->[com.google.firebase:firebase-auth:21.0.3] AndroidManifest.xml:32:13-72
54            <intent-filter>
54-->[com.google.firebase:firebase-auth:21.0.3] AndroidManifest.xml:33:13-43:29
55                <action android:name="android.intent.action.VIEW" />
55-->[com.google.firebase:firebase-auth:21.0.3] AndroidManifest.xml:34:17-69
55-->[com.google.firebase:firebase-auth:21.0.3] AndroidManifest.xml:34:25-66
56
57                <category android:name="android.intent.category.DEFAULT" />
57-->[com.google.firebase:firebase-auth:21.0.3] AndroidManifest.xml:36:17-76
57-->[com.google.firebase:firebase-auth:21.0.3] AndroidManifest.xml:36:27-73
58                <category android:name="android.intent.category.BROWSABLE" />
58-->[com.google.firebase:firebase-auth:21.0.3] AndroidManifest.xml:37:17-78
58-->[com.google.firebase:firebase-auth:21.0.3] AndroidManifest.xml:37:27-75
59
60                <data
60-->[com.google.firebase:firebase-auth:21.0.3] AndroidManifest.xml:39:17-42:51
61                    android:host="firebase.auth"
61-->[com.google.firebase:firebase-auth:21.0.3] AndroidManifest.xml:40:21-49
62                    android:path="/"
62-->[com.google.firebase:firebase-auth:21.0.3] AndroidManifest.xml:41:21-37
63                    android:scheme="genericidp" />
63-->[com.google.firebase:firebase-auth:21.0.3] AndroidManifest.xml:42:21-48
64            </intent-filter>
65        </activity>
66        <activity
66-->[com.google.firebase:firebase-auth:21.0.3] AndroidManifest.xml:45:9-62:20
67            android:name="com.google.firebase.auth.internal.RecaptchaActivity"
67-->[com.google.firebase:firebase-auth:21.0.3] AndroidManifest.xml:46:13-79
68            android:excludeFromRecents="true"
68-->[com.google.firebase:firebase-auth:21.0.3] AndroidManifest.xml:47:13-46
69            android:exported="true"
69-->[com.google.firebase:firebase-auth:21.0.3] AndroidManifest.xml:48:13-36
70            android:launchMode="singleTask"
70-->[com.google.firebase:firebase-auth:21.0.3] AndroidManifest.xml:49:13-44
71            android:theme="@android:style/Theme.Translucent.NoTitleBar" >
71-->[com.google.firebase:firebase-auth:21.0.3] AndroidManifest.xml:50:13-72
72            <intent-filter>
72-->[com.google.firebase:firebase-auth:21.0.3] AndroidManifest.xml:51:13-61:29
73                <action android:name="android.intent.action.VIEW" />
73-->[com.google.firebase:firebase-auth:21.0.3] AndroidManifest.xml:34:17-69
73-->[com.google.firebase:firebase-auth:21.0.3] AndroidManifest.xml:34:25-66
74
75                <category android:name="android.intent.category.DEFAULT" />
75-->[com.google.firebase:firebase-auth:21.0.3] AndroidManifest.xml:36:17-76
75-->[com.google.firebase:firebase-auth:21.0.3] AndroidManifest.xml:36:27-73
76                <category android:name="android.intent.category.BROWSABLE" />
76-->[com.google.firebase:firebase-auth:21.0.3] AndroidManifest.xml:37:17-78
76-->[com.google.firebase:firebase-auth:21.0.3] AndroidManifest.xml:37:27-75
77
78                <data
78-->[com.google.firebase:firebase-auth:21.0.3] AndroidManifest.xml:39:17-42:51
79                    android:host="firebase.auth"
79-->[com.google.firebase:firebase-auth:21.0.3] AndroidManifest.xml:40:21-49
80                    android:path="/"
80-->[com.google.firebase:firebase-auth:21.0.3] AndroidManifest.xml:41:21-37
81                    android:scheme="recaptcha" />
81-->[com.google.firebase:firebase-auth:21.0.3] AndroidManifest.xml:42:21-48
82            </intent-filter>
83        </activity>
84
85        <service
85-->[com.google.firebase:firebase-auth:21.0.3] AndroidManifest.xml:64:9-70:19
86            android:name="com.google.firebase.components.ComponentDiscoveryService"
86-->[com.google.firebase:firebase-auth:21.0.3] AndroidManifest.xml:65:13-84
87            android:directBootAware="true"
87-->[com.google.firebase:firebase-common:20.1.0] AndroidManifest.xml:35:13-43
88            android:exported="false" >
88-->[com.google.firebase:firebase-auth:21.0.3] AndroidManifest.xml:66:13-37
89            <meta-data
89-->[com.google.firebase:firebase-auth:21.0.3] AndroidManifest.xml:67:13-69:85
90                android:name="com.google.firebase.components:com.google.firebase.auth.FirebaseAuthRegistrar"
90-->[com.google.firebase:firebase-auth:21.0.3] AndroidManifest.xml:68:17-109
91                android:value="com.google.firebase.components.ComponentRegistrar" />
91-->[com.google.firebase:firebase-auth:21.0.3] AndroidManifest.xml:69:17-82
92            <meta-data
92-->[com.google.firebase:firebase-database:20.0.4] AndroidManifest.xml:32:13-34:85
93                android:name="com.google.firebase.components:com.google.firebase.database.DatabaseRegistrar"
93-->[com.google.firebase:firebase-database:20.0.4] AndroidManifest.xml:33:17-109
94                android:value="com.google.firebase.components.ComponentRegistrar" />
94-->[com.google.firebase:firebase-database:20.0.4] AndroidManifest.xml:34:17-82
95            <meta-data
95-->[com.google.android.gms:play-services-measurement-api:20.1.2] AndroidManifest.xml:31:13-33:85
96                android:name="com.google.firebase.components:com.google.firebase.analytics.connector.internal.AnalyticsConnectorRegistrar"
96-->[com.google.android.gms:play-services-measurement-api:20.1.2] AndroidManifest.xml:32:17-139
97                android:value="com.google.firebase.components.ComponentRegistrar" />
97-->[com.google.android.gms:play-services-measurement-api:20.1.2] AndroidManifest.xml:33:17-82
98            <meta-data
98-->[com.google.firebase:firebase-installations:17.0.1] AndroidManifest.xml:18:13-20:85
99                android:name="com.google.firebase.components:com.google.firebase.installations.FirebaseInstallationsRegistrar"
99-->[com.google.firebase:firebase-installations:17.0.1] AndroidManifest.xml:19:17-127
100                android:value="com.google.firebase.components.ComponentRegistrar" />
100-->[com.google.firebase:firebase-installations:17.0.1] AndroidManifest.xml:20:17-82
101        </service>
102
103        <provider
103-->[com.squareup.picasso:picasso:2.71828] AndroidManifest.xml:8:9-11:40
104            android:name="com.squareup.picasso.PicassoProvider"
104-->[com.squareup.picasso:picasso:2.71828] AndroidManifest.xml:9:13-64
105            android:authorities="com.example.foodapp.com.squareup.picasso"
105-->[com.squareup.picasso:picasso:2.71828] AndroidManifest.xml:10:13-72
106            android:exported="false" />
106-->[com.squareup.picasso:picasso:2.71828] AndroidManifest.xml:11:13-37
107        <provider
107-->[com.google.firebase:firebase-common:20.1.0] AndroidManifest.xml:26:9-31:39
108            android:name="com.google.firebase.provider.FirebaseInitProvider"
108-->[com.google.firebase:firebase-common:20.1.0] AndroidManifest.xml:27:13-77
109            android:authorities="com.example.foodapp.firebaseinitprovider"
109-->[com.google.firebase:firebase-common:20.1.0] AndroidManifest.xml:28:13-72
110            android:directBootAware="true"
110-->[com.google.firebase:firebase-common:20.1.0] AndroidManifest.xml:29:13-43
111            android:exported="false"
111-->[com.google.firebase:firebase-common:20.1.0] AndroidManifest.xml:30:13-37
112            android:initOrder="100" />
112-->[com.google.firebase:firebase-common:20.1.0] AndroidManifest.xml:31:13-36
113
114        <receiver
114-->[com.google.android.gms:play-services-measurement:20.1.2] AndroidManifest.xml:29:9-33:20
115            android:name="com.google.android.gms.measurement.AppMeasurementReceiver"
115-->[com.google.android.gms:play-services-measurement:20.1.2] AndroidManifest.xml:30:13-85
116            android:enabled="true"
116-->[com.google.android.gms:play-services-measurement:20.1.2] AndroidManifest.xml:31:13-35
117            android:exported="false" >
117-->[com.google.android.gms:play-services-measurement:20.1.2] AndroidManifest.xml:32:13-37
118        </receiver>
119
120        <service
120-->[com.google.android.gms:play-services-measurement:20.1.2] AndroidManifest.xml:35:9-38:40
121            android:name="com.google.android.gms.measurement.AppMeasurementService"
121-->[com.google.android.gms:play-services-measurement:20.1.2] AndroidManifest.xml:36:13-84
122            android:enabled="true"
122-->[com.google.android.gms:play-services-measurement:20.1.2] AndroidManifest.xml:37:13-35
123            android:exported="false" />
123-->[com.google.android.gms:play-services-measurement:20.1.2] AndroidManifest.xml:38:13-37
124        <service
124-->[com.google.android.gms:play-services-measurement:20.1.2] AndroidManifest.xml:39:9-43:72
125            android:name="com.google.android.gms.measurement.AppMeasurementJobService"
125-->[com.google.android.gms:play-services-measurement:20.1.2] AndroidManifest.xml:40:13-87
126            android:enabled="true"
126-->[com.google.android.gms:play-services-measurement:20.1.2] AndroidManifest.xml:41:13-35
127            android:exported="false"
127-->[com.google.android.gms:play-services-measurement:20.1.2] AndroidManifest.xml:42:13-37
128            android:permission="android.permission.BIND_JOB_SERVICE" />
128-->[com.google.android.gms:play-services-measurement:20.1.2] AndroidManifest.xml:43:13-69
129
130        <activity
130-->[com.google.android.gms:play-services-base:18.0.1] AndroidManifest.xml:20:9-22:45
131            android:name="com.google.android.gms.common.api.GoogleApiActivity"
131-->[com.google.android.gms:play-services-base:18.0.1] AndroidManifest.xml:20:19-85
132            android:exported="false"
132-->[com.google.android.gms:play-services-base:18.0.1] AndroidManifest.xml:22:19-43
133            android:theme="@android:style/Theme.Translucent.NoTitleBar" />
133-->[com.google.android.gms:play-services-base:18.0.1] AndroidManifest.xml:21:19-78
134
135        <meta-data
135-->[com.google.android.gms:play-services-basement:18.0.0] AndroidManifest.xml:21:9-23:69
136            android:name="com.google.android.gms.version"
136-->[com.google.android.gms:play-services-basement:18.0.0] AndroidManifest.xml:22:13-58
137            android:value="@integer/google_play_services_version" />
137-->[com.google.android.gms:play-services-basement:18.0.0] AndroidManifest.xml:23:13-66
138
139        <provider
139-->[androidx.emoji2:emoji2:1.0.0] AndroidManifest.xml:26:9-34:20
140            android:name="androidx.startup.InitializationProvider"
140-->[androidx.emoji2:emoji2:1.0.0] AndroidManifest.xml:27:13-67
141            android:authorities="com.example.foodapp.androidx-startup"
141-->[androidx.emoji2:emoji2:1.0.0] AndroidManifest.xml:28:13-68
142            android:exported="false" >
142-->[androidx.emoji2:emoji2:1.0.0] AndroidManifest.xml:29:13-37
143            <meta-data
143-->[androidx.emoji2:emoji2:1.0.0] AndroidManifest.xml:31:13-33:52
144                android:name="androidx.emoji2.text.EmojiCompatInitializer"
144-->[androidx.emoji2:emoji2:1.0.0] AndroidManifest.xml:32:17-75
145                android:value="androidx.startup" />
145-->[androidx.emoji2:emoji2:1.0.0] AndroidManifest.xml:33:17-49
146            <meta-data
146-->[androidx.lifecycle:lifecycle-process:2.4.0] AndroidManifest.xml:31:13-33:52
147                android:name="androidx.lifecycle.ProcessLifecycleInitializer"
147-->[androidx.lifecycle:lifecycle-process:2.4.0] AndroidManifest.xml:32:17-78
148                android:value="androidx.startup" />
148-->[androidx.lifecycle:lifecycle-process:2.4.0] AndroidManifest.xml:33:17-49
149        </provider>
150    </application>
151
152</manifest>